<?xml version="1.0" encoding="UTF-8"?>
<!-- Generated by org.testng.reporters.JUnitReportReporter -->
<testsuite hostname="SASE" failures="0" tests="1" name="com.magentoE_commerce.test.TC_001_VerifyTitle" time="4.924" errors="0" timestamp="2022-11-21T17:13:59 IST" skipped="0">
  <testcase classname="com.magentoE_commerce.test.TC_001_VerifyTitle" name="clickMobileTab" time="4.924"/>
  <system-out/>
</testsuite> <!-- com.magentoE_commerce.test.TC_001_VerifyTitle -->
